<?xml version="1.0" encoding="UTF-8"?>
<!-- Generated by org.testng.reporters.JUnitReportReporter -->
<testsuite hostname="NBDTR40F3" failures="0" tests="1" name="getIDrequest.NewBusinessQuote" time="5.021" errors="1" timestamp="2022-03-08T14:01:16 SAST" skipped="0">
  <testcase classname="getIDrequest.NewBusinessQuote" name="SetupData" time="5.021">
    <error message="Unrecognized field &quot;error&quot; (class getIDrequest.JSONSuccessResponse), not marked as ignorable (19 known properties: &quot;subChannel&quot;, &quot;partnerCommsChannel&quot;, &quot;quoteNumber&quot;, &quot;quoteCreateDate&quot;, &quot;premiumDebt&quot;, &quot;inceptionDate&quot;, &quot;outstandingDebt&quot;, &quot;quoteStatus&quot;, &quot;totalWaiverDeathDisabilityPremium&quot;, &quot;schemeCode&quot;, &quot;totalPremium&quot;, &quot;policyHolders&quot;, &quot;totalWaiverRetirementPremium&quot;, &quot;premiumSkipCount&quot;, &quot;benefits&quot;, &quot;user&quot;, &quot;sourceOfBusiness&quot;, &quot;roleplayers&quot;, &quot;flagSubmitNewBusiness&quot;])
 at [Source: (String)&quot;{&quot;error&quot;:{&quot;statusCode&quot;:404,&quot;name&quot;:&quot;NotFoundError&quot;,&quot;message&quot;:&quot;Not Found&quot;,&quot;validationErrors&quot;:[],&quot;inceptionDate&quot;:null,&quot;quoteCreateDate&quot;:null,&quot;schemeCode&quot;:null,&quot;user&quot;:null,&quot;policyHolders&quot;:[],&quot;quoteStatus&quot;:null,&quot;benefits&quot;:[],&quot;roleplayers&quot;:[],&quot;premiumPayer&quot;:null,&quot;status&quot;:404,&quot;expose&quot;:true,&quot;stack&quot;:&quot;NotFoundError: Not Found\n    at /data/funeral-nodejs/server/models/myriad-api.js:27:23\n    at notifySingleObserver (/data/funeral-nodejs/node_modules/loopback-datasource-juggler/lib/observer.js:160:24)\n  &quot;[truncated 1622 chars]; line: 1, column: 11] (through reference chain: getIDrequest.JSONSuccessResponse[&quot;error&quot;])" type="com.fasterxml.jackson.databind.exc.UnrecognizedPropertyException">
      <![CDATA[com.fasterxml.jackson.databind.exc.UnrecognizedPropertyException: Unrecognized field "error" (class getIDrequest.JSONSuccessResponse), not marked as ignorable (19 known properties: "subChannel", "partnerCommsChannel", "quoteNumber", "quoteCreateDate", "premiumDebt", "inceptionDate", "outstandingDebt", "quoteStatus", "totalWaiverDeathDisabilityPremium", "schemeCode", "totalPremium", "policyHolders", "totalWaiverRetirementPremium", "premiumSkipCount", "benefits", "user", "sourceOfBusiness", "roleplayers", "flagSubmitNewBusiness"])
 at [Source: (String)"{"error":{"statusCode":404,"name":"NotFoundError","message":"Not Found","validationErrors":[],"inceptionDate":null,"quoteCreateDate":null,"schemeCode":null,"user":null,"policyHolders":[],"quoteStatus":null,"benefits":[],"roleplayers":[],"premiumPayer":null,"status":404,"expose":true,"stack":"NotFoundError: Not Found\n    at /data/funeral-nodejs/server/models/myriad-api.js:27:23\n    at notifySingleObserver (/data/funeral-nodejs/node_modules/loopback-datasource-juggler/lib/observer.js:160:24)\n  "[truncated 1622 chars]; line: 1, column: 11] (through reference chain: getIDrequest.JSONSuccessResponse["error"])
at com.fasterxml.jackson.databind.exc.UnrecognizedPropertyException.from(UnrecognizedPropertyException.java:61)
at com.fasterxml.jackson.databind.DeserializationContext.handleUnknownProperty(DeserializationContext.java:987)
at com.fasterxml.jackson.databind.deser.std.StdDeserializer.handleUnknownProperty(StdDeserializer.java:1974)
at com.fasterxml.jackson.databind.deser.BeanDeserializerBase.handleUnknownProperty(BeanDeserializerBase.java:1701)
at com.fasterxml.jackson.databind.deser.BeanDeserializerBase.handleUnknownVanilla(BeanDeserializerBase.java:1679)
at com.fasterxml.jackson.databind.deser.BeanDeserializer.vanillaDeserialize(BeanDeserializer.java:330)
at com.fasterxml.jackson.databind.deser.BeanDeserializer.deserialize(BeanDeserializer.java:187)
at com.fasterxml.jackson.databind.deser.DefaultDeserializationContext.readRootValue(DefaultDeserializationContext.java:322)
at com.fasterxml.jackson.databind.ObjectMapper._readMapAndClose(ObjectMapper.java:4593)
at com.fasterxml.jackson.databind.ObjectMapper.readValue(ObjectMapper.java:3548)
at com.fasterxml.jackson.databind.ObjectMapper$readValue$2.call(Unknown Source)
at org.codehaus.groovy.runtime.callsite.CallSiteArray.defaultCall(CallSiteArray.java:47)
at org.codehaus.groovy.runtime.callsite.AbstractCallSite.call(AbstractCallSite.java:125)
at org.codehaus.groovy.runtime.callsite.AbstractCallSite.call(AbstractCallSite.java:148)
at io.restassured.internal.path.json.mapping.JsonPathJackson2ObjectDeserializer.deserialize(JsonPathJackson2ObjectDeserializer.groovy:46)
at io.restassured.path.json.mapping.JsonPathObjectDeserializer$deserialize.call(Unknown Source)
at org.codehaus.groovy.runtime.callsite.CallSiteArray.defaultCall(CallSiteArray.java:47)
at org.codehaus.groovy.runtime.callsite.AbstractCallSite.call(AbstractCallSite.java:125)
at org.codehaus.groovy.runtime.callsite.AbstractCallSite.call(AbstractCallSite.java:139)
at io.restassured.internal.mapping.Jackson2Mapper.deserialize(Jackson2Mapper.groovy:58)
at io.restassured.mapper.ObjectMapper$deserialize$0.call(Unknown Source)
at org.codehaus.groovy.runtime.callsite.CallSiteArray.defaultCall(CallSiteArray.java:47)
at org.codehaus.groovy.runtime.callsite.AbstractCallSite.call(AbstractCallSite.java:125)
at org.codehaus.groovy.runtime.callsite.AbstractCallSite.call(AbstractCallSite.java:139)
at io.restassured.internal.mapping.ObjectMapping.parseWithJackson2(ObjectMapping.groovy:238)
at io.restassured.internal.mapping.ObjectMapping$parseWithJackson2$1.callStatic(Unknown Source)
at org.codehaus.groovy.runtime.callsite.CallSiteArray.defaultCallStatic(CallSiteArray.java:55)
at org.codehaus.groovy.runtime.callsite.AbstractCallSite.callStatic(AbstractCallSite.java:217)
at org.codehaus.groovy.runtime.callsite.AbstractCallSite.callStatic(AbstractCallSite.java:240)
at io.restassured.internal.mapping.ObjectMapping.deserialize(ObjectMapping.groovy:59)
at io.restassured.internal.mapping.ObjectMapping$deserialize$0.call(Unknown Source)
at org.codehaus.groovy.runtime.callsite.CallSiteArray.defaultCall(CallSiteArray.java:47)
at org.codehaus.groovy.runtime.callsite.AbstractCallSite.call(AbstractCallSite.java:125)
at io.restassured.internal.RestAssuredResponseOptionsGroovyImpl.as(RestAssuredResponseOptionsGroovyImpl.groovy:231)
at io.restassured.internal.RestAssuredResponseOptionsImpl.as(RestAssuredResponseOptionsImpl.java:169)
at getIDrequest.NewBusinessQuote.SetupData(NewBusinessQuote.java:148)
at java.base/jdk.internal.reflect.NativeMethodAccessorImpl.invoke0(Native Method)
at java.base/jdk.internal.reflect.NativeMethodAccessorImpl.invoke(NativeMethodAccessorImpl.java:78)
at java.base/jdk.internal.reflect.DelegatingMethodAccessorImpl.invoke(DelegatingMethodAccessorImpl.java:43)
at java.base/java.lang.reflect.Method.invoke(Method.java:567)
at org.testng.internal.MethodInvocationHelper.invokeMethod(MethodInvocationHelper.java:133)
at org.testng.internal.TestInvoker.invokeMethod(TestInvoker.java:598)
at org.testng.internal.TestInvoker.invokeTestMethod(TestInvoker.java:173)
at org.testng.internal.MethodRunner.runInSequence(MethodRunner.java:46)
at org.testng.internal.TestInvoker$MethodInvocationAgent.invoke(TestInvoker.java:824)
at org.testng.internal.TestInvoker.invokeTestMethods(TestInvoker.java:146)
at org.testng.internal.TestMethodWorker.invokeTestMethods(TestMethodWorker.java:146)
at org.testng.internal.TestMethodWorker.run(TestMethodWorker.java:128)
at java.base/java.util.ArrayList.forEach(ArrayList.java:1511)
at org.testng.TestRunner.privateRun(TestRunner.java:794)
at org.testng.TestRunner.run(TestRunner.java:596)
at org.testng.SuiteRunner.runTest(SuiteRunner.java:377)
at org.testng.SuiteRunner.runSequentially(SuiteRunner.java:371)
at org.testng.SuiteRunner.privateRun(SuiteRunner.java:332)
at org.testng.SuiteRunner.run(SuiteRunner.java:276)
at org.testng.SuiteRunnerWorker.runSuite(SuiteRunnerWorker.java:53)
at org.testng.SuiteRunnerWorker.run(SuiteRunnerWorker.java:96)
at org.testng.TestNG.runSuitesSequentially(TestNG.java:1212)
at org.testng.TestNG.runSuitesLocally(TestNG.java:1134)
at org.testng.TestNG.runSuites(TestNG.java:1063)
at org.testng.TestNG.run(TestNG.java:1031)
at org.testng.remote.AbstractRemoteTestNG.run(AbstractRemoteTestNG.java:115)
at org.testng.remote.RemoteTestNG.initAndRun(RemoteTestNG.java:251)
at org.testng.remote.RemoteTestNG.main(RemoteTestNG.java:77)
]]>
    </error>
  </testcase> <!-- SetupData -->
  <system-out/>
</testsuite> <!-- getIDrequest.NewBusinessQuote -->
